Using pre-set license
Built from '2020.3/staging' branch; Version is '2020.3.0f1 (c7b5465681fb) revision 13088070'; Using compiler version '192528614'; Build Type 'Release'
OS: 'Windows 10 Pro; OS build 19044.1586; Version 2009; 64bit' Language: 'vi' Physical Memory: 8061 MB
BatchMode: 1, IsHumanControllingUs: 0, StartBugReporterOnCrash: 0, Is64bit: 1, IsPro: 0

 COMMAND LINE ARGUMENTS:
C:\Program Files\Unity\Editor\Unity.exe
-adb2
-batchMode
-noUpm
-name
AssetImportWorker0
-projectPath
E:/unity game/Treasure-Hunters/hunter
-logFile
Logs/AssetImportWorker0.log
-srvPort
60674
Successfully changed project path to: E:/unity game/Treasure-Hunters/hunter
E:/unity game/Treasure-Hunters/hunter
Using Asset Import Pipeline V2.
Refreshing native plugins compatible for Editor in 85.32 ms, found 1 plugins.
Preloading 0 native plugins for Editor in 0.00 ms.
Initialize engine version: 2020.3.0f1 (c7b5465681fb)
[Subsystems] Discovering subsystems at path C:/Program Files/Unity/Editor/Data/Resources/UnitySubsystems
[Subsystems] Discovering subsystems at path E:/unity game/Treasure-Hunters/hunter/Assets
GfxDevice: creating device client; threaded=0
Direct3D:
    Version:  Direct3D 11.0 [level 11.0]
    Renderer: Intel(R) HD Graphics 4000 (ID=0x166)
    Vendor:   
    VRAM:     128 MB
    Driver:   10.18.10.4252
Initialize mono
Mono path[0] = 'C:/Program Files/Unity/Editor/Data/Managed'
Mono path[1] = 'C:/Program Files/Unity/Editor/Data/MonoBleedingEdge/lib/mono/unityjit'
Mono config path = 'C:/Program Files/Unity/Editor/Data/MonoBleedingEdge/etc'
Using monoOptions --debugger-agent=transport=dt_socket,embedding=1,server=y,suspend=n,address=127.0.0.1:56580
Begin MonoManager ReloadAssembly
Registering precompiled unity dll's ...
Register platform support module: C:/Program Files/Unity/Editor/Data/PlaybackEngines/WindowsStandaloneSupport/UnityEditor.WindowsStandalone.Extensions.dll
Registered in 0.003182 seconds.
Native extension for WindowsStandalone target not found
Refreshing native plugins compatible for Editor in 88.66 ms, found 1 plugins.
Preloading 0 native plugins for Editor in 0.00 ms.
Invoked RoslynAnalysisRunner static constructor.
RoslynAnalysisRunner will not be running.
RoslynAnalysisRunner has terminated.
Mono: successfully reloaded assembly
- Completed reload, in  1.966 seconds
Platform modules already initialized, skipping
Registering precompiled user dll's ...
Registered in 0.001557 seconds.
Begin MonoManager ReloadAssembly
Native extension for WindowsStandalone target not found
Refreshing native plugins compatible for Editor in 96.72 ms, found 1 plugins.
Preloading 0 native plugins for Editor in 0.00 ms.
Invoked RoslynAnalysisRunner static constructor.
RoslynAnalysisRunner will not be running.
RoslynAnalysisRunner has terminated.
Mono: successfully reloaded assembly
- Completed reload, in  1.919 seconds
Platform modules already initialized, skipping
========================================================================
Worker process is ready to serve import requests
Launched and connected shader compiler UnityShaderCompiler.exe after 0.09 seconds
Refreshing native plugins compatible for Editor in 0.98 ms, found 1 plugins.
Preloading 0 native plugins for Editor in 0.00 ms.
Unloading 1807 Unused Serialized files (Serialized files now loaded: 0)
System memory in use before: 84.9 MB.
System memory in use after: 84.9 MB.

Unloading 24 unused Assets to reduce memory usage. Loaded Objects now: 2249.
Total: 3.782800 ms (FindLiveObjects: 0.364200 ms CreateObjectMapping: 0.102400 ms MarkObjects: 3.118900 ms  DeleteObjects: 0.195000 ms)

========================================================================
Received Import Request.
  path: Assets/prefap/hightwall.prefab
  artifactKey: Guid(162e5618ca216724f82d8b7b523664df) Importer(815301076,1909f56bfc062723c751e8b465ee728b)
Start importing Assets/prefap/hightwall.prefab using Guid(162e5618ca216724f82d8b7b523664df) Importer(815301076,1909f56bfc062723c751e8b465ee728b)  -> (artifact id: 'cda7dcfa786b5bc04a9a840b127917b2') in 0.186230 seconds
  Import took 0.232066 seconds .

========================================================================
Received Import Request.
  Time since last request: 44.074104 seconds.
  path: Assets/prefap/square wall.prefab
  artifactKey: Guid(162e5618ca216724f82d8b7b523664df) Importer(815301076,1909f56bfc062723c751e8b465ee728b)
Start importing Assets/prefap/square wall.prefab using Guid(162e5618ca216724f82d8b7b523664df) Importer(815301076,1909f56bfc062723c751e8b465ee728b)  -> (artifact id: '826bdf77c20e83cb9a35d04ad6fd2043') in 0.032435 seconds
  Import took 0.065600 seconds .

AssetImportWorkerClient::OnTransportError - code=2 error=End of file
