Using pre-set license
Built from '2020.3/staging' branch; Version is '2020.3.0f1 (c7b5465681fb) revision 13088070'; Using compiler version '192528614'; Build Type 'Release'
OS: 'Windows 10 Pro; OS build 19044.1586; Version 2009; 64bit' Language: 'vi' Physical Memory: 8061 MB
BatchMode: 1, IsHumanControllingUs: 0, StartBugReporterOnCrash: 0, Is64bit: 1, IsPro: 0

 COMMAND LINE ARGUMENTS:
C:\Program Files\Unity\Editor\Unity.exe
-adb2
-batchMode
-noUpm
-name
AssetImportWorker0
-projectPath
E:/unity game/Treasure-Hunters/hunter
-logFile
Logs/AssetImportWorker0.log
-srvPort
63951
Successfully changed project path to: E:/unity game/Treasure-Hunters/hunter
E:/unity game/Treasure-Hunters/hunter
Using Asset Import Pipeline V2.
Refreshing native plugins compatible for Editor in 82.90 ms, found 1 plugins.
Preloading 0 native plugins for Editor in 0.00 ms.
Initialize engine version: 2020.3.0f1 (c7b5465681fb)
[Subsystems] Discovering subsystems at path C:/Program Files/Unity/Editor/Data/Resources/UnitySubsystems
[Subsystems] Discovering subsystems at path E:/unity game/Treasure-Hunters/hunter/Assets
GfxDevice: creating device client; threaded=0
Direct3D:
    Version:  Direct3D 11.0 [level 11.0]
    Renderer: Intel(R) HD Graphics 4000 (ID=0x166)
    Vendor:   
    VRAM:     128 MB
    Driver:   10.18.10.4252
Initialize mono
Mono path[0] = 'C:/Program Files/Unity/Editor/Data/Managed'
Mono path[1] = 'C:/Program Files/Unity/Editor/Data/MonoBleedingEdge/lib/mono/unityjit'
Mono config path = 'C:/Program Files/Unity/Editor/Data/MonoBleedingEdge/etc'
Using monoOptions --debugger-agent=transport=dt_socket,embedding=1,server=y,suspend=n,address=127.0.0.1:56576
Begin MonoManager ReloadAssembly
Registering precompiled unity dll's ...
Register platform support module: C:/Program Files/Unity/Editor/Data/PlaybackEngines/WindowsStandaloneSupport/UnityEditor.WindowsStandalone.Extensions.dll
Registered in 0.003352 seconds.
Native extension for WindowsStandalone target not found
Refreshing native plugins compatible for Editor in 91.24 ms, found 1 plugins.
Preloading 0 native plugins for Editor in 0.00 ms.
Invoked RoslynAnalysisRunner static constructor.
RoslynAnalysisRunner will not be running.
RoslynAnalysisRunner has terminated.
Mono: successfully reloaded assembly
- Completed reload, in  1.775 seconds
Platform modules already initialized, skipping
Registering precompiled user dll's ...
Registered in 0.001237 seconds.
Begin MonoManager ReloadAssembly
Native extension for WindowsStandalone target not found
Refreshing native plugins compatible for Editor in 101.77 ms, found 1 plugins.
Preloading 0 native plugins for Editor in 0.00 ms.
Invoked RoslynAnalysisRunner static constructor.
RoslynAnalysisRunner will not be running.
RoslynAnalysisRunner has terminated.
Mono: successfully reloaded assembly
- Completed reload, in  1.696 seconds
Platform modules already initialized, skipping
========================================================================
Worker process is ready to serve import requests
Launched and connected shader compiler UnityShaderCompiler.exe after 0.06 seconds
Refreshing native plugins compatible for Editor in 1.02 ms, found 1 plugins.
Preloading 0 native plugins for Editor in 0.00 ms.
Unloading 1807 Unused Serialized files (Serialized files now loaded: 0)
System memory in use before: 84.9 MB.
System memory in use after: 84.8 MB.

Unloading 24 unused Assets to reduce memory usage. Loaded Objects now: 2249.
Total: 2.453800 ms (FindLiveObjects: 0.205600 ms CreateObjectMapping: 0.084600 ms MarkObjects: 1.984400 ms  DeleteObjects: 0.177900 ms)

========================================================================
Received Import Request.
  path: Assets/script/Big CloudsController.cs
  artifactKey: Guid(fe99a293d189b53498cfa3d91e085cbf) Importer(815301076,1909f56bfc062723c751e8b465ee728b)
Start importing Assets/script/Big CloudsController.cs using Guid(fe99a293d189b53498cfa3d91e085cbf) Importer(815301076,1909f56bfc062723c751e8b465ee728b)  -> (artifact id: 'd6f0af1c13b8d329fc80628e506b0917') in 0.058836 seconds
  Import took 0.064596 seconds .

========================================================================
Received Prepare
Registering precompiled user dll's ...
Registered in 0.001163 seconds.
Begin MonoManager ReloadAssembly
Native extension for WindowsStandalone target not found
Refreshing native plugins compatible for Editor in 0.69 ms, found 1 plugins.
Preloading 0 native plugins for Editor in 0.00 ms.
Invoked RoslynAnalysisRunner static constructor.
RoslynAnalysisRunner will not be running.
RoslynAnalysisRunner has terminated.
Mono: successfully reloaded assembly
- Completed reload, in  1.321 seconds
Platform modules already initialized, skipping
Refreshing native plugins compatible for Editor in 1.42 ms, found 1 plugins.
Preloading 0 native plugins for Editor in 0.00 ms.
Unloading 1802 Unused Serialized files (Serialized files now loaded: 0)
System memory in use before: 84.8 MB.
System memory in use after: 84.8 MB.

Unloading 12 unused Assets to reduce memory usage. Loaded Objects now: 2253.
Total: 3.066400 ms (FindLiveObjects: 0.311400 ms CreateObjectMapping: 0.177200 ms MarkObjects: 2.416200 ms  DeleteObjects: 0.159800 ms)

========================================================================
Received Import Request.
  Time since last request: 72.211389 seconds.
  path: Assets/prefap/bigclouds.prefab
  artifactKey: Guid(d50968d99ad3e2b45a069bc9baeba153) Importer(815301076,1909f56bfc062723c751e8b465ee728b)
Start importing Assets/prefap/bigclouds.prefab using Guid(d50968d99ad3e2b45a069bc9baeba153) Importer(815301076,1909f56bfc062723c751e8b465ee728b)  -> (artifact id: 'a7ac0d71dcc91dbbbfd2c09fdb524cba') in 0.186441 seconds
  Import took 0.194321 seconds .

========================================================================
Received Import Request.
  Time since last request: 7.117402 seconds.
  path: Assets/prefap/bigclouds.prefab
  artifactKey: Guid(d50968d99ad3e2b45a069bc9baeba153) Importer(815301076,1909f56bfc062723c751e8b465ee728b)
Start importing Assets/prefap/bigclouds.prefab using Guid(d50968d99ad3e2b45a069bc9baeba153) Importer(815301076,1909f56bfc062723c751e8b465ee728b)  -> (artifact id: '11257276c16a15628dccb155c844abf2') in 0.030341 seconds
  Import took 0.036054 seconds .

========================================================================
Received Import Request.
  Time since last request: 23.412425 seconds.
  path: Assets/prefap/bigclouds.prefab
  artifactKey: Guid(d50968d99ad3e2b45a069bc9baeba153) Importer(815301076,1909f56bfc062723c751e8b465ee728b)
Start importing Assets/prefap/bigclouds.prefab using Guid(d50968d99ad3e2b45a069bc9baeba153) Importer(815301076,1909f56bfc062723c751e8b465ee728b)  -> (artifact id: '4bb3f074c5dd46d9a485622f21505f77') in 0.022120 seconds
  Import took 0.030064 seconds .

========================================================================
Received Import Request.
  Time since last request: 10.259499 seconds.
  path: Assets/prefap/small cloud 1.prefab
  artifactKey: Guid(27a690a333310864b85317a2360bf4f9) Importer(815301076,1909f56bfc062723c751e8b465ee728b)
Start importing Assets/prefap/small cloud 1.prefab using Guid(27a690a333310864b85317a2360bf4f9) Importer(815301076,1909f56bfc062723c751e8b465ee728b)  -> (artifact id: 'f6a5d4e09dcb5e61ba452aa1bba40f53') in 0.043603 seconds
  Import took 0.052446 seconds .

========================================================================
Received Import Request.
  Time since last request: 5.053092 seconds.
  path: Assets/prefap/small cloud 1.prefab
  artifactKey: Guid(27a690a333310864b85317a2360bf4f9) Importer(815301076,1909f56bfc062723c751e8b465ee728b)
Start importing Assets/prefap/small cloud 1.prefab using Guid(27a690a333310864b85317a2360bf4f9) Importer(815301076,1909f56bfc062723c751e8b465ee728b)  -> (artifact id: 'e748f7feb8163f9cd64c5ae18662a2b2') in 0.013152 seconds
  Import took 0.017546 seconds .

========================================================================
Received Import Request.
  Time since last request: 2.752513 seconds.
  path: Assets/prefap/small clouds.prefab
  artifactKey: Guid(94091d308946866439d6b5795521c8e7) Importer(815301076,1909f56bfc062723c751e8b465ee728b)
Start importing Assets/prefap/small clouds.prefab using Guid(94091d308946866439d6b5795521c8e7) Importer(815301076,1909f56bfc062723c751e8b465ee728b)  -> (artifact id: 'f1b01a86bab13b900b1ed0e2c43c141e') in 0.037875 seconds
  Import took 0.043655 seconds .

========================================================================
Received Import Request.
  Time since last request: 3.316425 seconds.
  path: Assets/prefap/small clouds.prefab
  artifactKey: Guid(94091d308946866439d6b5795521c8e7) Importer(815301076,1909f56bfc062723c751e8b465ee728b)
Start importing Assets/prefap/small clouds.prefab using Guid(94091d308946866439d6b5795521c8e7) Importer(815301076,1909f56bfc062723c751e8b465ee728b)  -> (artifact id: '1ab3c37fe1c4b9dfa2746dec2f5850f0') in 0.014208 seconds
  Import took 0.019082 seconds .

========================================================================
Received Import Request.
  Time since last request: 117.726598 seconds.
  path: Assets/script/clouds
  artifactKey: Guid(d6c5771a2b4be0c4fbd0b315f0b7e8fd) Importer(815301076,1909f56bfc062723c751e8b465ee728b)
Start importing Assets/script/clouds using Guid(d6c5771a2b4be0c4fbd0b315f0b7e8fd) Importer(815301076,1909f56bfc062723c751e8b465ee728b)  -> (artifact id: 'c24c2641e36dc71e891ad87106f97f93') in 0.011466 seconds
  Import took 0.017892 seconds .

========================================================================
Received Prepare
Registering precompiled user dll's ...
Registered in 0.002983 seconds.
Begin MonoManager ReloadAssembly
Native extension for WindowsStandalone target not found
Refreshing native plugins compatible for Editor in 1.53 ms, found 1 plugins.
Preloading 0 native plugins for Editor in 0.00 ms.
Invoked RoslynAnalysisRunner static constructor.
RoslynAnalysisRunner will not be running.
RoslynAnalysisRunner has terminated.
Mono: successfully reloaded assembly
- Completed reload, in  1.946 seconds
Platform modules already initialized, skipping
Refreshing native plugins compatible for Editor in 1.00 ms, found 1 plugins.
Preloading 0 native plugins for Editor in 0.00 ms.
Unloading 1802 Unused Serialized files (Serialized files now loaded: 0)
System memory in use before: 88.0 MB.
System memory in use after: 88.0 MB.

Unloading 12 unused Assets to reduce memory usage. Loaded Objects now: 2264.
Total: 3.256400 ms (FindLiveObjects: 0.418500 ms CreateObjectMapping: 0.203900 ms MarkObjects: 2.465800 ms  DeleteObjects: 0.166500 ms)

========================================================================
Received Prepare
Registering precompiled user dll's ...
Registered in 0.001252 seconds.
Begin MonoManager ReloadAssembly
Native extension for WindowsStandalone target not found
Refreshing native plugins compatible for Editor in 0.63 ms, found 1 plugins.
Preloading 0 native plugins for Editor in 0.00 ms.
Invoked RoslynAnalysisRunner static constructor.
RoslynAnalysisRunner will not be running.
RoslynAnalysisRunner has terminated.
Mono: successfully reloaded assembly
- Completed reload, in  1.434 seconds
Platform modules already initialized, skipping
Refreshing native plugins compatible for Editor in 1.06 ms, found 1 plugins.
Preloading 0 native plugins for Editor in 0.00 ms.
Unloading 1802 Unused Serialized files (Serialized files now loaded: 0)
System memory in use before: 88.0 MB.
System memory in use after: 88.0 MB.

Unloading 13 unused Assets to reduce memory usage. Loaded Objects now: 2268.
Total: 2.818200 ms (FindLiveObjects: 0.247400 ms CreateObjectMapping: 0.136800 ms MarkObjects: 2.272000 ms  DeleteObjects: 0.160200 ms)

========================================================================
Received Import Request.
  Time since last request: 82.089632 seconds.
  path: Assets/script/clouds/CloudController.cs
  artifactKey: Guid(a414a3b2d53abb94fbb27bede5882621) Importer(815301076,1909f56bfc062723c751e8b465ee728b)
Start importing Assets/script/clouds/CloudController.cs using Guid(a414a3b2d53abb94fbb27bede5882621) Importer(815301076,1909f56bfc062723c751e8b465ee728b)  -> (artifact id: '45d2301ea838b2361edc9e0781156f39') in 0.101776 seconds
  Import took 0.107375 seconds .

========================================================================
Received Prepare
Registering precompiled user dll's ...
Registered in 0.001192 seconds.
Begin MonoManager ReloadAssembly
Native extension for WindowsStandalone target not found
Refreshing native plugins compatible for Editor in 0.91 ms, found 1 plugins.
Preloading 0 native plugins for Editor in 0.00 ms.
Invoked RoslynAnalysisRunner static constructor.
RoslynAnalysisRunner will not be running.
RoslynAnalysisRunner has terminated.
Mono: successfully reloaded assembly
- Completed reload, in  1.738 seconds
Platform modules already initialized, skipping
Refreshing native plugins compatible for Editor in 0.94 ms, found 1 plugins.
Preloading 0 native plugins for Editor in 0.00 ms.
Unloading 1803 Unused Serialized files (Serialized files now loaded: 0)
System memory in use before: 88.1 MB.
System memory in use after: 88.0 MB.

Unloading 12 unused Assets to reduce memory usage. Loaded Objects now: 2273.
Total: 2.545700 ms (FindLiveObjects: 0.197600 ms CreateObjectMapping: 0.105800 ms MarkObjects: 2.084900 ms  DeleteObjects: 0.155500 ms)

========================================================================
Received Prepare
Registering precompiled user dll's ...
Registered in 0.016793 seconds.
Begin MonoManager ReloadAssembly
Native extension for WindowsStandalone target not found
Refreshing native plugins compatible for Editor in 0.84 ms, found 1 plugins.
Preloading 0 native plugins for Editor in 0.00 ms.
Invoked RoslynAnalysisRunner static constructor.
RoslynAnalysisRunner will not be running.
RoslynAnalysisRunner has terminated.
Mono: successfully reloaded assembly
- Completed reload, in  1.805 seconds
Platform modules already initialized, skipping
Refreshing native plugins compatible for Editor in 1.12 ms, found 1 plugins.
Preloading 0 native plugins for Editor in 0.00 ms.
Unloading 1803 Unused Serialized files (Serialized files now loaded: 0)
System memory in use before: 88.1 MB.
System memory in use after: 88.1 MB.

Unloading 12 unused Assets to reduce memory usage. Loaded Objects now: 2277.
Total: 2.466000 ms (FindLiveObjects: 0.199900 ms CreateObjectMapping: 0.081500 ms MarkObjects: 2.017300 ms  DeleteObjects: 0.165700 ms)

========================================================================
Received Import Request.
  Time since last request: 688.489619 seconds.
  path: Assets/script/clouds/bigCloud.cs
  artifactKey: Guid(f0b3a3e1f2774474d8394cb8a6afc8bc) Importer(815301076,1909f56bfc062723c751e8b465ee728b)
Start importing Assets/script/clouds/bigCloud.cs using Guid(f0b3a3e1f2774474d8394cb8a6afc8bc) Importer(815301076,1909f56bfc062723c751e8b465ee728b)  -> (artifact id: '26108c9ce4aebf738047217d776bdebb') in 0.020293 seconds
  Import took 0.025495 seconds .

========================================================================
Received Prepare
Registering precompiled user dll's ...
Registered in 0.001288 seconds.
Begin MonoManager ReloadAssembly
Native extension for WindowsStandalone target not found
Refreshing native plugins compatible for Editor in 0.83 ms, found 1 plugins.
Preloading 0 native plugins for Editor in 0.00 ms.
Invoked RoslynAnalysisRunner static constructor.
RoslynAnalysisRunner will not be running.
RoslynAnalysisRunner has terminated.
Mono: successfully reloaded assembly
- Completed reload, in  1.787 seconds
Platform modules already initialized, skipping
Refreshing native plugins compatible for Editor in 2.24 ms, found 1 plugins.
Preloading 0 native plugins for Editor in 0.00 ms.
Unloading 1804 Unused Serialized files (Serialized files now loaded: 0)
System memory in use before: 88.1 MB.
System memory in use after: 88.1 MB.

Unloading 12 unused Assets to reduce memory usage. Loaded Objects now: 2282.
Total: 4.360000 ms (FindLiveObjects: 0.543200 ms CreateObjectMapping: 0.250700 ms MarkObjects: 3.366000 ms  DeleteObjects: 0.197600 ms)

========================================================================
Received Prepare
Registering precompiled user dll's ...
Registered in 0.015068 seconds.
Begin MonoManager ReloadAssembly
Native extension for WindowsStandalone target not found
Refreshing native plugins compatible for Editor in 1.25 ms, found 1 plugins.
Preloading 0 native plugins for Editor in 0.00 ms.
Invoked RoslynAnalysisRunner static constructor.
RoslynAnalysisRunner will not be running.
RoslynAnalysisRunner has terminated.
Mono: successfully reloaded assembly
- Completed reload, in  2.284 seconds
Platform modules already initialized, skipping
Refreshing native plugins compatible for Editor in 0.98 ms, found 1 plugins.
Preloading 0 native plugins for Editor in 0.00 ms.
Unloading 1804 Unused Serialized files (Serialized files now loaded: 0)
System memory in use before: 88.1 MB.
System memory in use after: 88.1 MB.

Unloading 12 unused Assets to reduce memory usage. Loaded Objects now: 2286.
Total: 2.795800 ms (FindLiveObjects: 0.249600 ms CreateObjectMapping: 0.108700 ms MarkObjects: 2.270500 ms  DeleteObjects: 0.165300 ms)

========================================================================
Received Prepare
Registering precompiled user dll's ...
Registered in 0.001701 seconds.
Begin MonoManager ReloadAssembly
Native extension for WindowsStandalone target not found
Refreshing native plugins compatible for Editor in 0.64 ms, found 1 plugins.
Preloading 0 native plugins for Editor in 0.00 ms.
Invoked RoslynAnalysisRunner static constructor.
RoslynAnalysisRunner will not be running.
RoslynAnalysisRunner has terminated.
Mono: successfully reloaded assembly
- Completed reload, in  1.573 seconds
Platform modules already initialized, skipping
Refreshing native plugins compatible for Editor in 1.29 ms, found 1 plugins.
Preloading 0 native plugins for Editor in 0.00 ms.
Unloading 1804 Unused Serialized files (Serialized files now loaded: 0)
System memory in use before: 88.1 MB.
System memory in use after: 88.1 MB.

Unloading 12 unused Assets to reduce memory usage. Loaded Objects now: 2290.
Total: 6.136900 ms (FindLiveObjects: 0.748900 ms CreateObjectMapping: 0.338800 ms MarkObjects: 4.744600 ms  DeleteObjects: 0.302600 ms)

========================================================================
Received Prepare
Registering precompiled user dll's ...
Registered in 0.002028 seconds.
Begin MonoManager ReloadAssembly
Native extension for WindowsStandalone target not found
Refreshing native plugins compatible for Editor in 0.67 ms, found 1 plugins.
Preloading 0 native plugins for Editor in 0.00 ms.
Invoked RoslynAnalysisRunner static constructor.
RoslynAnalysisRunner will not be running.
RoslynAnalysisRunner has terminated.
Mono: successfully reloaded assembly
- Completed reload, in  1.709 seconds
Platform modules already initialized, skipping
Refreshing native plugins compatible for Editor in 1.60 ms, found 1 plugins.
Preloading 0 native plugins for Editor in 0.00 ms.
Unloading 1804 Unused Serialized files (Serialized files now loaded: 0)
System memory in use before: 88.1 MB.
System memory in use after: 88.1 MB.

Unloading 12 unused Assets to reduce memory usage. Loaded Objects now: 2294.
Total: 3.518300 ms (FindLiveObjects: 0.282700 ms CreateObjectMapping: 0.083600 ms MarkObjects: 2.970300 ms  DeleteObjects: 0.179500 ms)

========================================================================
Received Prepare
Registering precompiled user dll's ...
Registered in 0.001905 seconds.
Begin MonoManager ReloadAssembly
Native extension for WindowsStandalone target not found
Refreshing native plugins compatible for Editor in 1.18 ms, found 1 plugins.
Preloading 0 native plugins for Editor in 0.00 ms.
Invoked RoslynAnalysisRunner static constructor.
RoslynAnalysisRunner will not be running.
RoslynAnalysisRunner has terminated.
Mono: successfully reloaded assembly
- Completed reload, in  1.759 seconds
Platform modules already initialized, skipping
Refreshing native plugins compatible for Editor in 0.94 ms, found 1 plugins.
Preloading 0 native plugins for Editor in 0.00 ms.
Unloading 1804 Unused Serialized files (Serialized files now loaded: 0)
System memory in use before: 88.1 MB.
System memory in use after: 88.1 MB.

Unloading 12 unused Assets to reduce memory usage. Loaded Objects now: 2298.
Total: 2.627000 ms (FindLiveObjects: 0.215600 ms CreateObjectMapping: 0.083900 ms MarkObjects: 2.162000 ms  DeleteObjects: 0.163900 ms)

========================================================================
Received Prepare
Registering precompiled user dll's ...
Registered in 0.001193 seconds.
Begin MonoManager ReloadAssembly
Native extension for WindowsStandalone target not found
Refreshing native plugins compatible for Editor in 0.67 ms, found 1 plugins.
Preloading 0 native plugins for Editor in 0.00 ms.
Invoked RoslynAnalysisRunner static constructor.
RoslynAnalysisRunner will not be running.
RoslynAnalysisRunner has terminated.
Mono: successfully reloaded assembly
- Completed reload, in  1.637 seconds
Platform modules already initialized, skipping
Refreshing native plugins compatible for Editor in 2.03 ms, found 1 plugins.
Preloading 0 native plugins for Editor in 0.00 ms.
Unloading 1804 Unused Serialized files (Serialized files now loaded: 0)
System memory in use before: 88.1 MB.
System memory in use after: 88.1 MB.

Unloading 12 unused Assets to reduce memory usage. Loaded Objects now: 2302.
Total: 3.080000 ms (FindLiveObjects: 0.313500 ms CreateObjectMapping: 0.192500 ms MarkObjects: 2.405600 ms  DeleteObjects: 0.166300 ms)

========================================================================
Received Prepare
Registering precompiled user dll's ...
Registered in 0.001867 seconds.
Begin MonoManager ReloadAssembly
Native extension for WindowsStandalone target not found
Refreshing native plugins compatible for Editor in 1.07 ms, found 1 plugins.
Preloading 0 native plugins for Editor in 0.00 ms.
Invoked RoslynAnalysisRunner static constructor.
RoslynAnalysisRunner will not be running.
RoslynAnalysisRunner has terminated.
Mono: successfully reloaded assembly
- Completed reload, in  1.677 seconds
Platform modules already initialized, skipping
Refreshing native plugins compatible for Editor in 0.92 ms, found 1 plugins.
Preloading 0 native plugins for Editor in 0.00 ms.
Unloading 1804 Unused Serialized files (Serialized files now loaded: 0)
System memory in use before: 88.2 MB.
System memory in use after: 88.1 MB.

Unloading 12 unused Assets to reduce memory usage. Loaded Objects now: 2306.
Total: 2.786900 ms (FindLiveObjects: 0.414300 ms CreateObjectMapping: 0.091600 ms MarkObjects: 2.113800 ms  DeleteObjects: 0.165300 ms)

========================================================================
Received Prepare
Registering precompiled user dll's ...
Registered in 0.001319 seconds.
Begin MonoManager ReloadAssembly
Native extension for WindowsStandalone target not found
Refreshing native plugins compatible for Editor in 0.76 ms, found 1 plugins.
Preloading 0 native plugins for Editor in 0.00 ms.
Invoked RoslynAnalysisRunner static constructor.
RoslynAnalysisRunner will not be running.
RoslynAnalysisRunner has terminated.
Mono: successfully reloaded assembly
- Completed reload, in  1.767 seconds
Platform modules already initialized, skipping
Refreshing native plugins compatible for Editor in 0.92 ms, found 1 plugins.
Preloading 0 native plugins for Editor in 0.00 ms.
Unloading 1804 Unused Serialized files (Serialized files now loaded: 0)
System memory in use before: 88.2 MB.
System memory in use after: 88.2 MB.

Unloading 12 unused Assets to reduce memory usage. Loaded Objects now: 2310.
Total: 3.308900 ms (FindLiveObjects: 0.355200 ms CreateObjectMapping: 0.101700 ms MarkObjects: 2.687100 ms  DeleteObjects: 0.162600 ms)

========================================================================
Received Prepare
Registering precompiled user dll's ...
Registered in 0.001371 seconds.
Begin MonoManager ReloadAssembly
Native extension for WindowsStandalone target not found
Refreshing native plugins compatible for Editor in 0.67 ms, found 1 plugins.
Preloading 0 native plugins for Editor in 0.00 ms.
Invoked RoslynAnalysisRunner static constructor.
RoslynAnalysisRunner will not be running.
RoslynAnalysisRunner has terminated.
Mono: successfully reloaded assembly
- Completed reload, in  1.445 seconds
Platform modules already initialized, skipping
Refreshing native plugins compatible for Editor in 0.95 ms, found 1 plugins.
Preloading 0 native plugins for Editor in 0.00 ms.
Unloading 1804 Unused Serialized files (Serialized files now loaded: 0)
System memory in use before: 88.2 MB.
System memory in use after: 88.2 MB.

Unloading 12 unused Assets to reduce memory usage. Loaded Objects now: 2314.
Total: 2.772400 ms (FindLiveObjects: 0.283700 ms CreateObjectMapping: 0.115100 ms MarkObjects: 2.199800 ms  DeleteObjects: 0.171500 ms)

========================================================================
Received Prepare
Registering precompiled user dll's ...
Registered in 0.001876 seconds.
Begin MonoManager ReloadAssembly
Native extension for WindowsStandalone target not found
Refreshing native plugins compatible for Editor in 0.69 ms, found 1 plugins.
Preloading 0 native plugins for Editor in 0.00 ms.
Invoked RoslynAnalysisRunner static constructor.
RoslynAnalysisRunner will not be running.
RoslynAnalysisRunner has terminated.
Mono: successfully reloaded assembly
- Completed reload, in  1.894 seconds
Platform modules already initialized, skipping
Refreshing native plugins compatible for Editor in 0.99 ms, found 1 plugins.
Preloading 0 native plugins for Editor in 0.00 ms.
Unloading 1804 Unused Serialized files (Serialized files now loaded: 0)
System memory in use before: 88.2 MB.
System memory in use after: 88.2 MB.

Unloading 12 unused Assets to reduce memory usage. Loaded Objects now: 2318.
Total: 2.699200 ms (FindLiveObjects: 0.340800 ms CreateObjectMapping: 0.105800 ms MarkObjects: 2.084600 ms  DeleteObjects: 0.166100 ms)

========================================================================
Received Prepare
Registering precompiled user dll's ...
Registered in 0.001984 seconds.
Begin MonoManager ReloadAssembly
Native extension for WindowsStandalone target not found
Refreshing native plugins compatible for Editor in 0.64 ms, found 1 plugins.
Preloading 0 native plugins for Editor in 0.00 ms.
Invoked RoslynAnalysisRunner static constructor.
RoslynAnalysisRunner will not be running.
RoslynAnalysisRunner has terminated.
Mono: successfully reloaded assembly
- Completed reload, in  1.362 seconds
Platform modules already initialized, skipping
Refreshing native plugins compatible for Editor in 1.04 ms, found 1 plugins.
Preloading 0 native plugins for Editor in 0.00 ms.
Unloading 1804 Unused Serialized files (Serialized files now loaded: 0)
System memory in use before: 88.2 MB.
System memory in use after: 88.2 MB.

Unloading 12 unused Assets to reduce memory usage. Loaded Objects now: 2322.
Total: 3.029400 ms (FindLiveObjects: 0.379400 ms CreateObjectMapping: 0.127000 ms MarkObjects: 2.251300 ms  DeleteObjects: 0.268200 ms)

========================================================================
Received Prepare
Registering precompiled user dll's ...
Registered in 0.001230 seconds.
Begin MonoManager ReloadAssembly
Native extension for WindowsStandalone target not found
Refreshing native plugins compatible for Editor in 0.84 ms, found 1 plugins.
Preloading 0 native plugins for Editor in 0.00 ms.
Invoked RoslynAnalysisRunner static constructor.
RoslynAnalysisRunner will not be running.
RoslynAnalysisRunner has terminated.
Mono: successfully reloaded assembly
- Completed reload, in  1.573 seconds
Platform modules already initialized, skipping
Refreshing native plugins compatible for Editor in 1.11 ms, found 1 plugins.
Preloading 0 native plugins for Editor in 0.00 ms.
Unloading 1804 Unused Serialized files (Serialized files now loaded: 0)
System memory in use before: 88.2 MB.
System memory in use after: 88.2 MB.

Unloading 12 unused Assets to reduce memory usage. Loaded Objects now: 2326.
Total: 3.753400 ms (FindLiveObjects: 0.372700 ms CreateObjectMapping: 0.101100 ms MarkObjects: 3.043000 ms  DeleteObjects: 0.234400 ms)

========================================================================
Received Import Request.
  Time since last request: 2143.360673 seconds.
  path: Assets/prefap/bigclouds.prefab
  artifactKey: Guid(d50968d99ad3e2b45a069bc9baeba153) Importer(815301076,1909f56bfc062723c751e8b465ee728b)
Start importing Assets/prefap/bigclouds.prefab using Guid(d50968d99ad3e2b45a069bc9baeba153) Importer(815301076,1909f56bfc062723c751e8b465ee728b)  -> (artifact id: '4b84ad31452fa215a82d2308ade79b08') in 0.369208 seconds
  Import took 0.373983 seconds .

========================================================================
Received Import Request.
  Time since last request: 38.630767 seconds.
  path: Assets/script/clouds/CloudController.cs
  artifactKey: Guid(a414a3b2d53abb94fbb27bede5882621) Importer(815301076,1909f56bfc062723c751e8b465ee728b)
Start importing Assets/script/clouds/CloudController.cs using Guid(a414a3b2d53abb94fbb27bede5882621) Importer(815301076,1909f56bfc062723c751e8b465ee728b)  -> (artifact id: '7247558a621c51d14e057a5eb285b003') in 0.006901 seconds
  Import took 0.011244 seconds .

========================================================================
Received Import Request.
  Time since last request: 0.000759 seconds.
  path: Assets/script/clouds/CloudController.cs
  artifactKey: Guid(a414a3b2d53abb94fbb27bede5882621) Importer(815301076,1909f56bfc062723c751e8b465ee728b)
Start importing Assets/script/clouds/CloudController.cs using Guid(a414a3b2d53abb94fbb27bede5882621) Importer(815301076,1909f56bfc062723c751e8b465ee728b)  -> (artifact id: '7247558a621c51d14e057a5eb285b003') in 0.004471 seconds
  Import took 0.009027 seconds .

========================================================================
Received Prepare
Registering precompiled user dll's ...
Registered in 0.001918 seconds.
Begin MonoManager ReloadAssembly
Native extension for WindowsStandalone target not found
Refreshing native plugins compatible for Editor in 0.66 ms, found 1 plugins.
Preloading 0 native plugins for Editor in 0.00 ms.
Invoked RoslynAnalysisRunner static constructor.
RoslynAnalysisRunner will not be running.
RoslynAnalysisRunner has terminated.
Mono: successfully reloaded assembly
- Completed reload, in  1.293 seconds
Platform modules already initialized, skipping
Refreshing native plugins compatible for Editor in 1.02 ms, found 1 plugins.
Preloading 0 native plugins for Editor in 0.00 ms.
Unloading 1803 Unused Serialized files (Serialized files now loaded: 0)
System memory in use before: 88.2 MB.
System memory in use after: 88.2 MB.

Unloading 13 unused Assets to reduce memory usage. Loaded Objects now: 2330.
Total: 2.732500 ms (FindLiveObjects: 0.224100 ms CreateObjectMapping: 0.106400 ms MarkObjects: 2.221600 ms  DeleteObjects: 0.178400 ms)

========================================================================
Received Prepare
Registering precompiled user dll's ...
Registered in 0.001221 seconds.
Begin MonoManager ReloadAssembly
Native extension for WindowsStandalone target not found
Refreshing native plugins compatible for Editor in 0.64 ms, found 1 plugins.
Preloading 0 native plugins for Editor in 0.00 ms.
Invoked RoslynAnalysisRunner static constructor.
RoslynAnalysisRunner will not be running.
RoslynAnalysisRunner has terminated.
Mono: successfully reloaded assembly
- Completed reload, in  1.417 seconds
Platform modules already initialized, skipping
Refreshing native plugins compatible for Editor in 1.04 ms, found 1 plugins.
Preloading 0 native plugins for Editor in 0.00 ms.
Unloading 1803 Unused Serialized files (Serialized files now loaded: 0)
System memory in use before: 88.2 MB.
System memory in use after: 88.2 MB.

Unloading 12 unused Assets to reduce memory usage. Loaded Objects now: 2334.
Total: 2.623900 ms (FindLiveObjects: 0.228400 ms CreateObjectMapping: 0.082900 ms MarkObjects: 2.138100 ms  DeleteObjects: 0.172700 ms)

========================================================================
Received Prepare
Registering precompiled user dll's ...
Registered in 0.001177 seconds.
Begin MonoManager ReloadAssembly
Native extension for WindowsStandalone target not found
Refreshing native plugins compatible for Editor in 0.68 ms, found 1 plugins.
Preloading 0 native plugins for Editor in 0.00 ms.
Invoked RoslynAnalysisRunner static constructor.
RoslynAnalysisRunner will not be running.
RoslynAnalysisRunner has terminated.
Mono: successfully reloaded assembly
- Completed reload, in  1.653 seconds
Platform modules already initialized, skipping
Refreshing native plugins compatible for Editor in 0.94 ms, found 1 plugins.
Preloading 0 native plugins for Editor in 0.00 ms.
Unloading 1803 Unused Serialized files (Serialized files now loaded: 0)
System memory in use before: 88.2 MB.
System memory in use after: 88.2 MB.

Unloading 12 unused Assets to reduce memory usage. Loaded Objects now: 2338.
Total: 3.476600 ms (FindLiveObjects: 0.211400 ms CreateObjectMapping: 0.082200 ms MarkObjects: 2.920500 ms  DeleteObjects: 0.260100 ms)

========================================================================
Received Prepare
Registering precompiled user dll's ...
Registered in 0.001219 seconds.
Begin MonoManager ReloadAssembly
Native extension for WindowsStandalone target not found
Refreshing native plugins compatible for Editor in 0.66 ms, found 1 plugins.
Preloading 0 native plugins for Editor in 0.00 ms.
Invoked RoslynAnalysisRunner static constructor.
RoslynAnalysisRunner will not be running.
RoslynAnalysisRunner has terminated.
Mono: successfully reloaded assembly
- Completed reload, in  1.290 seconds
Platform modules already initialized, skipping
Refreshing native plugins compatible for Editor in 1.08 ms, found 1 plugins.
Preloading 0 native plugins for Editor in 0.00 ms.
Unloading 1803 Unused Serialized files (Serialized files now loaded: 0)
System memory in use before: 88.2 MB.
System memory in use after: 88.2 MB.

Unloading 12 unused Assets to reduce memory usage. Loaded Objects now: 2342.
Total: 3.126400 ms (FindLiveObjects: 0.408900 ms CreateObjectMapping: 0.237400 ms MarkObjects: 2.311600 ms  DeleteObjects: 0.165800 ms)

========================================================================
Received Prepare
Registering precompiled user dll's ...
Registered in 0.001254 seconds.
Begin MonoManager ReloadAssembly
Native extension for WindowsStandalone target not found
Refreshing native plugins compatible for Editor in 0.63 ms, found 1 plugins.
Preloading 0 native plugins for Editor in 0.00 ms.
Invoked RoslynAnalysisRunner static constructor.
RoslynAnalysisRunner will not be running.
RoslynAnalysisRunner has terminated.
Mono: successfully reloaded assembly
- Completed reload, in  1.451 seconds
Platform modules already initialized, skipping
Refreshing native plugins compatible for Editor in 1.49 ms, found 1 plugins.
Preloading 0 native plugins for Editor in 0.00 ms.
Unloading 1803 Unused Serialized files (Serialized files now loaded: 0)
System memory in use before: 88.2 MB.
System memory in use after: 88.2 MB.

Unloading 12 unused Assets to reduce memory usage. Loaded Objects now: 2346.
Total: 2.520600 ms (FindLiveObjects: 0.219400 ms CreateObjectMapping: 0.083600 ms MarkObjects: 2.042200 ms  DeleteObjects: 0.173600 ms)

========================================================================
Received Prepare
Registering precompiled user dll's ...
Registered in 0.001197 seconds.
Begin MonoManager ReloadAssembly
Native extension for WindowsStandalone target not found
Refreshing native plugins compatible for Editor in 0.72 ms, found 1 plugins.
Preloading 0 native plugins for Editor in 0.00 ms.
Invoked RoslynAnalysisRunner static constructor.
RoslynAnalysisRunner will not be running.
RoslynAnalysisRunner has terminated.
Mono: successfully reloaded assembly
- Completed reload, in  1.931 seconds
Platform modules already initialized, skipping
Refreshing native plugins compatible for Editor in 1.13 ms, found 1 plugins.
Preloading 0 native plugins for Editor in 0.00 ms.
Unloading 1803 Unused Serialized files (Serialized files now loaded: 0)
System memory in use before: 88.2 MB.
System memory in use after: 88.2 MB.

Unloading 12 unused Assets to reduce memory usage. Loaded Objects now: 2350.
Total: 3.777500 ms (FindLiveObjects: 0.211800 ms CreateObjectMapping: 0.350900 ms MarkObjects: 3.040500 ms  DeleteObjects: 0.172200 ms)

========================================================================
Received Prepare
Registering precompiled user dll's ...
Registered in 0.001231 seconds.
Begin MonoManager ReloadAssembly
Native extension for WindowsStandalone target not found
Refreshing native plugins compatible for Editor in 0.65 ms, found 1 plugins.
Preloading 0 native plugins for Editor in 0.00 ms.
Invoked RoslynAnalysisRunner static constructor.
RoslynAnalysisRunner will not be running.
RoslynAnalysisRunner has terminated.
Mono: successfully reloaded assembly
- Completed reload, in  1.473 seconds
Platform modules already initialized, skipping
Refreshing native plugins compatible for Editor in 1.00 ms, found 1 plugins.
Preloading 0 native plugins for Editor in 0.00 ms.
Unloading 1803 Unused Serialized files (Serialized files now loaded: 0)
System memory in use before: 88.3 MB.
System memory in use after: 88.2 MB.

Unloading 12 unused Assets to reduce memory usage. Loaded Objects now: 2354.
Total: 2.863400 ms (FindLiveObjects: 0.273000 ms CreateObjectMapping: 0.150400 ms MarkObjects: 2.272800 ms  DeleteObjects: 0.165300 ms)

========================================================================
Received Prepare
Registering precompiled user dll's ...
Registered in 0.002172 seconds.
Begin MonoManager ReloadAssembly
Native extension for WindowsStandalone target not found
Refreshing native plugins compatible for Editor in 0.64 ms, found 1 plugins.
Preloading 0 native plugins for Editor in 0.00 ms.
Invoked RoslynAnalysisRunner static constructor.
RoslynAnalysisRunner will not be running.
RoslynAnalysisRunner has terminated.
Mono: successfully reloaded assembly
- Completed reload, in  1.472 seconds
Platform modules already initialized, skipping
Refreshing native plugins compatible for Editor in 1.60 ms, found 1 plugins.
Preloading 0 native plugins for Editor in 0.00 ms.
Unloading 1803 Unused Serialized files (Serialized files now loaded: 0)
System memory in use before: 88.3 MB.
System memory in use after: 88.2 MB.

Unloading 12 unused Assets to reduce memory usage. Loaded Objects now: 2358.
Total: 3.380200 ms (FindLiveObjects: 0.528800 ms CreateObjectMapping: 0.202300 ms MarkObjects: 2.469100 ms  DeleteObjects: 0.177500 ms)

========================================================================
Received Import Request.
  Time since last request: 1179.381471 seconds.
  path: Assets/prefap/bigclouds.prefab
  artifactKey: Guid(d50968d99ad3e2b45a069bc9baeba153) Importer(815301076,1909f56bfc062723c751e8b465ee728b)
Start importing Assets/prefap/bigclouds.prefab using Guid(d50968d99ad3e2b45a069bc9baeba153) Importer(815301076,1909f56bfc062723c751e8b465ee728b)  -> (artifact id: '83aa5a96505f09db94e30059e16c7340') in 0.112932 seconds
  Import took 0.118880 seconds .

========================================================================
Received Prepare
Registering precompiled user dll's ...
Registered in 0.001869 seconds.
Begin MonoManager ReloadAssembly
Native extension for WindowsStandalone target not found
Refreshing native plugins compatible for Editor in 0.69 ms, found 1 plugins.
Preloading 0 native plugins for Editor in 0.00 ms.
Invoked RoslynAnalysisRunner static constructor.
RoslynAnalysisRunner will not be running.
RoslynAnalysisRunner has terminated.
Mono: successfully reloaded assembly
- Completed reload, in  1.766 seconds
Platform modules already initialized, skipping
Refreshing native plugins compatible for Editor in 1.13 ms, found 1 plugins.
Preloading 0 native plugins for Editor in 0.00 ms.
Unloading 1803 Unused Serialized files (Serialized files now loaded: 0)
System memory in use before: 88.3 MB.
System memory in use after: 88.3 MB.

Unloading 12 unused Assets to reduce memory usage. Loaded Objects now: 2363.
Total: 4.203800 ms (FindLiveObjects: 0.299300 ms CreateObjectMapping: 0.183400 ms MarkObjects: 3.474200 ms  DeleteObjects: 0.244100 ms)

========================================================================
Received Prepare
Registering precompiled user dll's ...
Registered in 0.001841 seconds.
Begin MonoManager ReloadAssembly
Native extension for WindowsStandalone target not found
Refreshing native plugins compatible for Editor in 1.02 ms, found 1 plugins.
Preloading 0 native plugins for Editor in 0.00 ms.
Invoked RoslynAnalysisRunner static constructor.
RoslynAnalysisRunner will not be running.
RoslynAnalysisRunner has terminated.
Mono: successfully reloaded assembly
- Completed reload, in  1.762 seconds
Platform modules already initialized, skipping
Refreshing native plugins compatible for Editor in 1.08 ms, found 1 plugins.
Preloading 0 native plugins for Editor in 0.00 ms.
Unloading 1803 Unused Serialized files (Serialized files now loaded: 0)
System memory in use before: 88.3 MB.
System memory in use after: 88.3 MB.

Unloading 12 unused Assets to reduce memory usage. Loaded Objects now: 2367.
Total: 3.679100 ms (FindLiveObjects: 0.342200 ms CreateObjectMapping: 0.238200 ms MarkObjects: 2.761400 ms  DeleteObjects: 0.334600 ms)

========================================================================
Received Import Request.
  Time since last request: 84.345786 seconds.
  path: Assets/prefap/bigclouds.prefab
  artifactKey: Guid(d50968d99ad3e2b45a069bc9baeba153) Importer(815301076,1909f56bfc062723c751e8b465ee728b)
Start importing Assets/prefap/bigclouds.prefab using Guid(d50968d99ad3e2b45a069bc9baeba153) Importer(815301076,1909f56bfc062723c751e8b465ee728b)  -> (artifact id: 'a7c077b7446ca36938d3093d54f1a24b') in 0.120785 seconds
  Import took 0.127596 seconds .

========================================================================
Received Prepare
Registering precompiled user dll's ...
Registered in 0.001628 seconds.
Begin MonoManager ReloadAssembly
Native extension for WindowsStandalone target not found
Refreshing native plugins compatible for Editor in 1.17 ms, found 1 plugins.
Preloading 0 native plugins for Editor in 0.00 ms.
Invoked RoslynAnalysisRunner static constructor.
RoslynAnalysisRunner will not be running.
RoslynAnalysisRunner has terminated.
Mono: successfully reloaded assembly
- Completed reload, in  1.676 seconds
Platform modules already initialized, skipping
Refreshing native plugins compatible for Editor in 0.99 ms, found 1 plugins.
Preloading 0 native plugins for Editor in 0.00 ms.
Unloading 1803 Unused Serialized files (Serialized files now loaded: 0)
System memory in use before: 88.3 MB.
System memory in use after: 88.3 MB.

Unloading 12 unused Assets to reduce memory usage. Loaded Objects now: 2372.
Total: 3.522800 ms (FindLiveObjects: 0.626100 ms CreateObjectMapping: 0.261400 ms MarkObjects: 2.460800 ms  DeleteObjects: 0.172600 ms)

========================================================================
Received Prepare
Registering precompiled user dll's ...
Registered in 0.001256 seconds.
Begin MonoManager ReloadAssembly
Native extension for WindowsStandalone target not found
Refreshing native plugins compatible for Editor in 0.77 ms, found 1 plugins.
Preloading 0 native plugins for Editor in 0.00 ms.
Invoked RoslynAnalysisRunner static constructor.
RoslynAnalysisRunner will not be running.
RoslynAnalysisRunner has terminated.
Mono: successfully reloaded assembly
- Completed reload, in  1.424 seconds
Platform modules already initialized, skipping
Refreshing native plugins compatible for Editor in 1.11 ms, found 1 plugins.
Preloading 0 native plugins for Editor in 0.00 ms.
Unloading 1803 Unused Serialized files (Serialized files now loaded: 0)
System memory in use before: 88.3 MB.
System memory in use after: 88.3 MB.

Unloading 12 unused Assets to reduce memory usage. Loaded Objects now: 2376.
Total: 2.541600 ms (FindLiveObjects: 0.228900 ms CreateObjectMapping: 0.084800 ms MarkObjects: 2.060200 ms  DeleteObjects: 0.166000 ms)

========================================================================
Received Prepare
Registering precompiled user dll's ...
Registered in 0.002165 seconds.
Begin MonoManager ReloadAssembly
Native extension for WindowsStandalone target not found
Refreshing native plugins compatible for Editor in 0.63 ms, found 1 plugins.
Preloading 0 native plugins for Editor in 0.00 ms.
Invoked RoslynAnalysisRunner static constructor.
RoslynAnalysisRunner will not be running.
RoslynAnalysisRunner has terminated.
Mono: successfully reloaded assembly
- Completed reload, in  1.347 seconds
Platform modules already initialized, skipping
Refreshing native plugins compatible for Editor in 0.91 ms, found 1 plugins.
Preloading 0 native plugins for Editor in 0.00 ms.
Unloading 1803 Unused Serialized files (Serialized files now loaded: 0)
System memory in use before: 88.3 MB.
System memory in use after: 88.3 MB.

Unloading 12 unused Assets to reduce memory usage. Loaded Objects now: 2380.
Total: 2.888600 ms (FindLiveObjects: 0.352600 ms CreateObjectMapping: 0.084000 ms MarkObjects: 2.286800 ms  DeleteObjects: 0.163000 ms)

========================================================================
Received Import Request.
  Time since last request: 191.434116 seconds.
  path: Assets/script/clouds/smallClou.cs
  artifactKey: Guid(66db305219170e2478188e1dfd7ee328) Importer(815301076,1909f56bfc062723c751e8b465ee728b)
Start importing Assets/script/clouds/smallClou.cs using Guid(66db305219170e2478188e1dfd7ee328) Importer(815301076,1909f56bfc062723c751e8b465ee728b)  -> (artifact id: 'd76204e1e622044c2b2a1bd0bf8f8b69') in 0.031935 seconds
  Import took 0.037750 seconds .

========================================================================
Received Prepare
Registering precompiled user dll's ...
Registered in 0.002353 seconds.
Begin MonoManager ReloadAssembly
Native extension for WindowsStandalone target not found
Refreshing native plugins compatible for Editor in 0.65 ms, found 1 plugins.
Preloading 0 native plugins for Editor in 0.00 ms.
Invoked RoslynAnalysisRunner static constructor.
RoslynAnalysisRunner will not be running.
RoslynAnalysisRunner has terminated.
Mono: successfully reloaded assembly
- Completed reload, in  1.430 seconds
Platform modules already initialized, skipping
Refreshing native plugins compatible for Editor in 1.35 ms, found 1 plugins.
Preloading 0 native plugins for Editor in 0.00 ms.
Unloading 1804 Unused Serialized files (Serialized files now loaded: 0)
System memory in use before: 88.3 MB.
System memory in use after: 88.3 MB.

Unloading 12 unused Assets to reduce memory usage. Loaded Objects now: 2385.
Total: 2.736300 ms (FindLiveObjects: 0.228400 ms CreateObjectMapping: 0.109800 ms MarkObjects: 2.228700 ms  DeleteObjects: 0.167400 ms)

AssetImportWorkerClient::OnTransportError - code=2 error=End of file
